<?xml version="1.0" encoding="UTF-8"?>
<testsuite xmlns:xsi="http://www.w3.org/2001/XMLSchema-instance" xsi:noNamespaceSchemaLocation="https://maven.apache.org/surefire/maven-surefire-plugin/xsd/surefire-test-report.xsd" name="com.mycompany.app.AppTest" time="0.105" tests="1" errors="0" skipped="0" failures="0">
  <properties>
    <property name="java.specification.version" value="17"/>
    <property name="sun.cpu.isalist" value="amd64"/>
    <property name="sun.jnu.encoding" value="Cp1252"/>
    <property name="java.class.path" value="C:\Users\User\git\mydesignpatterns\arrow-anti-pattern\arrow-anti-pattern\target\test-classes;C:\Users\User\git\mydesignpatterns\arrow-anti-pattern\arrow-anti-pattern\target\classes;C:\Softwares\MavenRepo\junit\junit\4.11\junit-4.11.jar;C:\Softwares\MavenRepo\org\hamcrest\hamcrest-core\1.3\hamcrest-core-1.3.jar;"/>
    <property name="java.vm.vendor" value="Amazon.com Inc."/>
    <property name="sun.arch.data.model" value="64"/>
    <property name="user.variant" value=""/>
    <property name="java.vendor.url" value="https://aws.amazon.com/corretto/"/>
    <property name="user.timezone" value="Asia/Calcutta"/>
    <property name="os.name" value="Windows 10"/>
    <property name="java.vm.specification.version" value="17"/>
    <property name="sun.java.launcher" value="SUN_STANDARD"/>
    <property name="user.country" value="GB"/>
    <property name="sun.boot.library.path" value="C:\Program Files\Amazon Corretto\jdk17.0.0_35\bin"/>
    <property name="sun.java.command" value="C:\Users\User\AppData\Local\Temp\surefire9618571427253577339\surefirebooter17557454402411888014.jar C:\Users\User\AppData\Local\Temp\surefire9618571427253577339 2022-09-03T11-22-51_787-jvmRun1 surefire8470616347710952556tmp surefire_02309146536577779405tmp"/>
    <property name="jdk.debug" value="release"/>
    <property name="surefire.test.class.path" value="C:\Users\User\git\mydesignpatterns\arrow-anti-pattern\arrow-anti-pattern\target\test-classes;C:\Users\User\git\mydesignpatterns\arrow-anti-pattern\arrow-anti-pattern\target\classes;C:\Softwares\MavenRepo\junit\junit\4.11\junit-4.11.jar;C:\Softwares\MavenRepo\org\hamcrest\hamcrest-core\1.3\hamcrest-core-1.3.jar;"/>
    <property name="sun.cpu.endian" value="little"/>
    <property name="user.home" value="C:\Users\User"/>
    <property name="user.language" value="en"/>
    <property name="java.specification.vendor" value="Oracle Corporation"/>
    <property name="java.version.date" value="2021-09-14"/>
    <property name="java.home" value="C:\Program Files\Amazon Corretto\jdk17.0.0_35"/>
    <property name="file.separator" value="\"/>
    <property name="basedir" value="C:\Users\User\git\mydesignpatterns\arrow-anti-pattern\arrow-anti-pattern"/>
    <property name="java.vm.compressedOopsMode" value="Zero based"/>
    <property name="line.separator" value="&#10;"/>
    <property name="java.vm.specification.vendor" value="Oracle Corporation"/>
    <property name="java.specification.name" value="Java Platform API Specification"/>
    <property name="surefire.real.class.path" value="C:\Users\User\AppData\Local\Temp\surefire9618571427253577339\surefirebooter17557454402411888014.jar"/>
    <property name="user.script" value=""/>
    <property name="sun.management.compiler" value="HotSpot 64-Bit Tiered Compilers"/>
    <property name="java.runtime.version" value="17+35-LTS"/>
    <property name="user.name" value="User"/>
    <property name="path.separator" value=";"/>
    <property name="os.version" value="10.0"/>
    <property name="java.runtime.name" value="OpenJDK Runtime Environment"/>
    <property name="file.encoding" value="Cp1252"/>
    <property name="java.vm.name" value="OpenJDK 64-Bit Server VM"/>
    <property name="java.vendor.version" value="Corretto-17.0.0.35.1"/>
    <property name="localRepository" value="C:\Softwares\MavenRepo"/>
    <property name="java.vendor.url.bug" value="https://github.com/corretto/corretto-17/issues/"/>
    <property name="java.io.tmpdir" value="C:\Users\User\AppData\Local\Temp\"/>
    <property name="java.version" value="17"/>
    <property name="user.dir" value="C:\Users\User\git\mydesignpatterns\arrow-anti-pattern\arrow-anti-pattern"/>
    <property name="os.arch" value="amd64"/>
    <property name="java.vm.specification.name" value="Java Virtual Machine Specification"/>
    <property name="sun.os.patch.level" value=""/>
    <property name="native.encoding" value="Cp1252"/>
    <property name="java.library.path" value="C:\Program Files\Amazon Corretto\jdk17.0.0_35\bin;C:\WINDOWS\Sun\Java\bin;C:\WINDOWS\system32;C:\WINDOWS;C:\Program Files\Amazon Corretto\jdk17.0.0_35\bin;C:\Softwares\openjdk-1.8.0.232\openjdk-1.8.0.232\bin;C:\Python39\Scripts\;C:\Python39\;C:\Program Files\Amazon Corretto\jdk11.0.10_9\bin;C:\MyLab\crawler\nutch_lab\apache-nutch-1.16-src\apache-nutch-1.16\winutils\bin;C:\Softwares\gradle-6.3-rc-4-all\gradle-6.3-rc-4\bin;C:\Program Files (x86)\Common Files\Oracle\Java\javapath;C:\WINDOWS\system32;C:\WINDOWS;C:\WINDOWS\System32\Wbem;C:\WINDOWS\System32\WindowsPowerShell\v1.0\;C:\WINDOWS\System32\OpenSSH\;C:\Softwares\apache-maven-3.6.1-bin\apache-maven-3.6.1\bin;C:\Softwares\git\cmd;C:\Program Files\dotnet\;C:\Softwares\python\Python37;C:\Program Files\nodejs\;C:\Program Files\nodejs\node_modules\npm\bin;C:\Softwares\python\Python37\Scripts;C:\Softwares\apache-ant-1.10.7-bin\apache-ant-1.10.7\bin;C:\Program Files\Amazon\AWSCLIV2\;C:\Program Files\TortoiseSVN\bin;C:\Program Files\wkhtmltopdf\bin;C:\Program Files (x86)\Intel\Intel(R) Management Engine Components\DAL;C:\Program Files\Intel\Intel(R) Management Engine Components\DAL;C:\Program Files\Docker\Docker\resources\bin;C:\ProgramData\DockerDesktop\version-bin;C:\Program Files\PuTTY\;C:\Softwares\apache-zookeeper-3.6.2-bin.tar\apache-zookeeper-3.6.2-bin\apache-zookeeper-3.6.2-bin\bin;C:\Softwares\storm-1.2.3\bin;C:\Softwares\ELK\kibana-7.11.1-windows-x86_64\bin;C:\Program Files\Go\bin;C:\ProgramData\chocolatey\bin;C:\Program Files\nodejs\node_modules\@angular\cli\bin;C:\Users\User\.windows-build-tools\python27\;C:\Program Files\MySQL\MySQL Shell 8.0\bin\;C:\Softwares\VS\Microsoft VS Code\bin;C:\Users\User\AppData\Local\GitHubDesktop\bin;C:\Users\User\AppData\Local\atom\bin;C:\Users\User\AppData\Local\Microsoft\WindowsApps;C:\Users\User\go\bin;C:\Users\User\AppData\Roaming\npm;C:\Users\User\AppData\Local\Programs\Fiddler;."/>
    <property name="java.vm.info" value="mixed mode, sharing"/>
    <property name="java.vendor" value="Amazon.com Inc."/>
    <property name="java.vm.version" value="17+35-LTS"/>
    <property name="sun.io.unicode.encoding" value="UnicodeLittle"/>
    <property name="java.class.version" value="61.0"/>
  </properties>
  <testcase name="shouldAnswerWithTrue" classname="com.mycompany.app.AppTest" time="0.002"/>
</testsuite>